<?xml version="1.0" encoding="UTF-8"?>
<!-- Generated by org.testng.reporters.JUnitReportReporter -->
<testsuite hostname="Lenovo-PC" name="com.eTools.testcases.ScrollByPixel" tests="1" failures="0" timestamp="30 Sep 2019 22:50:55 GMT" time="0.046" errors="0">
  <testcase name="ByPixel" time="0.046" classname="com.eTools.testcases.ScrollByPixel"/>
</testsuite> <!-- com.eTools.testcases.ScrollByPixel -->
