<?xml version="1.0" encoding="UTF-8"?>
<!-- Generated by org.testng.reporters.JUnitReportReporter -->
<testsuite hostname="994560APD035872" name="com.eTools.testcases.LoginPageTest" tests="1" failures="0" timestamp="22 Apr 2019 15:21:17 GMT" time="30.979" errors="0">
  <testcase name="LoginTest" time="30.979" classname="com.eTools.testcases.LoginPageTest"/>
</testsuite> <!-- com.eTools.testcases.LoginPageTest -->
