<?xml version="1.0" encoding="UTF-8"?>
<!-- Generated by org.testng.reporters.JUnitReportReporter -->
<testsuite hostname="994560APD035872" name="com.eTools.testcases.FAMUnicefWorkFlowTest" tests="4" failures="0" timestamp="15 May 2019 19:01:43 GMT" time="298.588" errors="0">
  <testcase name="completeAuditTest" time="137.319" classname="com.eTools.testcases.FAMUnicefWorkFlowTest"/>
  <testcase name="createEngagementTest" time="63.722" classname="com.eTools.testcases.FAMUnicefWorkFlowTest"/>
  <testcase name="FinalizeEngagementTest" time="74.287" classname="com.eTools.testcases.FAMUnicefWorkFlowTest"/>
  <testcase name="LoginTest" time="23.260" classname="com.eTools.testcases.FAMUnicefWorkFlowTest"/>
</testsuite> <!-- com.eTools.testcases.FAMUnicefWorkFlowTest -->
