<?xml version="1.0" encoding="UTF-8"?>
<!-- Generated by org.testng.reporters.JUnitReportReporter -->
<testsuite hostname="994560APD035872" name="Tests.FAMWorkFlowTest" tests="1" failures="0" timestamp="16 Apr 2019 01:55:48 GMT" time="0.016" errors="0">
  <testcase name="EndtoEndTest" time="0.016" classname="Tests.FAMWorkFlowTest"/>
</testsuite> <!-- Tests.FAMWorkFlowTest -->
