<?xml version="1.0" encoding="UTF-8"?>
<!-- Generated by org.testng.reporters.JUnitReportReporter -->
<testsuite hostname="994560APD035872" name="Tests.SampleTest" tests="1" failures="0" timestamp="25 Apr 2019 15:34:46 GMT" time="64.935" errors="0">
  <testcase name="AddNewEngagementTest" time="64.935" classname="Tests.SampleTest"/>
</testsuite> <!-- Tests.SampleTest -->
