<?xml version="1.0" encoding="UTF-8"?>
<!-- Generated by org.testng.reporters.JUnitReportReporter -->
<testsuite skipped="0" hostname="994560APD035872" name="com.eTools.testcases.ActionPoints_WorkFlowTest" tests="2" failures="0" timestamp="27 Nov 2019 15:08:19 GMT" time="125.341" errors="0">
  <testcase name="LoginTest" time="25.675" classname="com.eTools.testcases.ActionPoints_WorkFlowTest"/>
  <testcase name="createActionPointsTest" time="99.666" classname="com.eTools.testcases.ActionPoints_WorkFlowTest"/>
</testsuite> <!-- com.eTools.testcases.ActionPoints_WorkFlowTest -->
