<?xml version="1.0" encoding="UTF-8"?>
<!-- Generated by org.testng.reporters.JUnitReportReporter -->
<testsuite hostname="994560APD035872" name="Tests.test" tests="1" failures="0" timestamp="4 May 2019 04:46:32 GMT" time="0.000" errors="0">
  <testcase name="startTest" time="0.000" classname="Tests.test"/>
</testsuite> <!-- Tests.test -->
