<?xml version="1.0" encoding="UTF-8"?>
<!-- Generated by org.testng.reporters.JUnitReportReporter -->
<testsuite skipped="0" hostname="994560APD035872" name="com.eTools.testcases.PSEA_WorkFlowTest" tests="2" failures="0" timestamp="02 Dec 2019 02:51:48 GMT" time="205.349" errors="0">
  <testcase name="LoginTest" time="24.714" classname="com.eTools.testcases.PSEA_WorkFlowTest"/>
  <testcase name="AddNewAssessmentTest" time="180.635" classname="com.eTools.testcases.PSEA_WorkFlowTest"/>
</testsuite> <!-- com.eTools.testcases.PSEA_WorkFlowTest -->
